<?xml version="1.0" encoding="UTF-8"?>
<testsuite xmlns:xsi="http://www.w3.org/2001/XMLSchema-instance" xsi:noNamespaceSchemaLocation="https://maven.apache.org/surefire/maven-surefire-plugin/xsd/surefire-test-report.xsd" name="pl.kancelaria.AHG.user.services.UserListServiceTest" time="0.005" tests="1" errors="0" skipped="1" failures="0">
  <properties>
[...]
</properties>
  <testcase name="shouldReturnUsersList" classname="pl.kancelaria.AHG.user.services.UserListServiceTest" time="0">
    <skipped message="public void pl.kancelaria.AHG.user.services.UserListServiceTest.shouldReturnUsersList() is @Disabled"/>
  </testcase>
</testsuite>